<?xml version="1.0" encoding="UTF-8"?>
<testng-results total="13" passed="13" failed="0" skipped="0">
  <reporter-output>
  </reporter-output>
  <suite started-at="2022-01-31T12:35:20Z" name="ASolanas-PruebasUnitariasProyecto" finished-at="2022-01-31T12:35:20Z" duration-ms="115">
    <groups>
    </groups>
    <test started-at="2022-01-31T12:35:20Z" name="debugged.testsuit suite" finished-at="2022-01-31T12:35:20Z" duration-ms="115">
      <class name="Pruebas.obtenerFormatoNGTest">
        <test-method is-config="true" signature="setUpClass()[pri:0, instance:Pruebas.obtenerFormatoNGTest@704a52ec]" started-at="2022-01-31T13:35:20Z" name="setUpClass" finished-at="2022-01-31T13:35:20Z" duration-ms="9" status="PASS">
          <reporter-output>
          </reporter-output>
        </test-method> <!-- setUpClass -->
        <test-method is-config="true" signature="setUpMethod()[pri:0, instance:Pruebas.obtenerFormatoNGTest@704a52ec]" started-at="2022-01-31T13:35:20Z" name="setUpMethod" finished-at="2022-01-31T13:35:20Z" duration-ms="0" status="PASS">
          <reporter-output>
          </reporter-output>
        </test-method> <!-- setUpMethod -->
        <test-method signature="test1ObtenerFormato()[pri:0, instance:Pruebas.obtenerFormatoNGTest@704a52ec]" started-at="2022-01-31T13:35:20Z" name="test1ObtenerFormato" finished-at="2022-01-31T13:35:20Z" duration-ms="2" status="PASS">
          <reporter-output>
          </reporter-output>
        </test-method> <!-- test1ObtenerFormato -->
        <test-method is-config="true" signature="setUpMethod()[pri:0, instance:Pruebas.obtenerFormatoNGTest@704a52ec]" started-at="2022-01-31T13:35:20Z" name="setUpMethod" finished-at="2022-01-31T13:35:20Z" duration-ms="0" status="PASS">
          <reporter-output>
          </reporter-output>
        </test-method> <!-- setUpMethod -->
        <test-method is-config="true" signature="tearDownMethod()[pri:0, instance:Pruebas.obtenerFormatoNGTest@704a52ec]" started-at="2022-01-31T13:35:20Z" name="tearDownMethod" finished-at="2022-01-31T13:35:20Z" duration-ms="0" status="PASS">
          <reporter-output>
          </reporter-output>
        </test-method> <!-- tearDownMethod -->
        <test-method signature="test2ObtenerFormato()[pri:0, instance:Pruebas.obtenerFormatoNGTest@704a52ec]" started-at="2022-01-31T13:35:20Z" name="test2ObtenerFormato" finished-at="2022-01-31T13:35:20Z" duration-ms="1" status="PASS">
          <reporter-output>
          </reporter-output>
        </test-method> <!-- test2ObtenerFormato -->
        <test-method is-config="true" signature="tearDownMethod()[pri:0, instance:Pruebas.obtenerFormatoNGTest@704a52ec]" started-at="2022-01-31T13:35:20Z" name="tearDownMethod" finished-at="2022-01-31T13:35:20Z" duration-ms="1" status="PASS">
          <reporter-output>
          </reporter-output>
        </test-method> <!-- tearDownMethod -->
        <test-method is-config="true" signature="setUpMethod()[pri:0, instance:Pruebas.obtenerFormatoNGTest@704a52ec]" started-at="2022-01-31T13:35:20Z" name="setUpMethod" finished-at="2022-01-31T13:35:20Z" duration-ms="0" status="PASS">
          <reporter-output>
          </reporter-output>
        </test-method> <!-- setUpMethod -->
        <test-method is-config="true" signature="tearDownMethod()[pri:0, instance:Pruebas.obtenerFormatoNGTest@704a52ec]" started-at="2022-01-31T13:35:20Z" name="tearDownMethod" finished-at="2022-01-31T13:35:20Z" duration-ms="0" status="PASS">
          <reporter-output>
          </reporter-output>
        </test-method> <!-- tearDownMethod -->
        <test-method signature="test3ObtenerFormato()[pri:0, instance:Pruebas.obtenerFormatoNGTest@704a52ec]" started-at="2022-01-31T13:35:20Z" name="test3ObtenerFormato" finished-at="2022-01-31T13:35:20Z" duration-ms="0" status="PASS">
          <reporter-output>
          </reporter-output>
        </test-method> <!-- test3ObtenerFormato -->
        <test-method is-config="true" signature="tearDownMethod()[pri:0, instance:Pruebas.obtenerFormatoNGTest@704a52ec]" started-at="2022-01-31T13:35:20Z" name="tearDownMethod" finished-at="2022-01-31T13:35:20Z" duration-ms="0" status="PASS">
          <reporter-output>
          </reporter-output>
        </test-method> <!-- tearDownMethod -->
        <test-method is-config="true" signature="tearDownClass()[pri:0, instance:Pruebas.obtenerFormatoNGTest@704a52ec]" started-at="2022-01-31T13:35:20Z" name="tearDownClass" finished-at="2022-01-31T13:35:20Z" duration-ms="0" status="PASS">
          <reporter-output>
          </reporter-output>
        </test-method> <!-- tearDownClass -->
        <test-method is-config="true" signature="setUpMethod()[pri:0, instance:Pruebas.obtenerFormatoNGTest@704a52ec]" started-at="2022-01-31T13:35:20Z" name="setUpMethod" finished-at="2022-01-31T13:35:20Z" duration-ms="0" status="PASS">
          <reporter-output>
          </reporter-output>
        </test-method> <!-- setUpMethod -->
        <test-method signature="test4ObtenerFormato()[pri:0, instance:Pruebas.obtenerFormatoNGTest@704a52ec]" started-at="2022-01-31T13:35:20Z" name="test4ObtenerFormato" finished-at="2022-01-31T13:35:20Z" duration-ms="0" status="PASS">
          <reporter-output>
          </reporter-output>
        </test-method> <!-- test4ObtenerFormato -->
      </class> <!-- Pruebas.obtenerFormatoNGTest -->
      <class name="Pruebas.calcularFactorialNGTest">
        <test-method is-config="true" signature="setUpClass()[pri:0, instance:Pruebas.calcularFactorialNGTest@76f2b07d]" started-at="2022-01-31T13:35:20Z" name="setUpClass" finished-at="2022-01-31T13:35:20Z" duration-ms="1" status="PASS">
          <reporter-output>
          </reporter-output>
        </test-method> <!-- setUpClass -->
        <test-method is-config="true" signature="setUpMethod()[pri:0, instance:Pruebas.calcularFactorialNGTest@76f2b07d]" started-at="2022-01-31T13:35:20Z" name="setUpMethod" finished-at="2022-01-31T13:35:20Z" duration-ms="0" status="PASS">
          <reporter-output>
          </reporter-output>
        </test-method> <!-- setUpMethod -->
        <test-method signature="test1CalcularFactorial()[pri:0, instance:Pruebas.calcularFactorialNGTest@76f2b07d]" started-at="2022-01-31T13:35:20Z" name="test1CalcularFactorial" finished-at="2022-01-31T13:35:20Z" duration-ms="1" status="PASS">
          <reporter-output>
          </reporter-output>
        </test-method> <!-- test1CalcularFactorial -->
        <test-method is-config="true" signature="tearDownMethod()[pri:0, instance:Pruebas.calcularFactorialNGTest@76f2b07d]" started-at="2022-01-31T13:35:20Z" name="tearDownMethod" finished-at="2022-01-31T13:35:20Z" duration-ms="0" status="PASS">
          <reporter-output>
          </reporter-output>
        </test-method> <!-- tearDownMethod -->
        <test-method signature="test2CalcularFactorial()[pri:0, instance:Pruebas.calcularFactorialNGTest@76f2b07d]" started-at="2022-01-31T13:35:20Z" name="test2CalcularFactorial" finished-at="2022-01-31T13:35:20Z" duration-ms="0" status="PASS">
          <reporter-output>
          </reporter-output>
        </test-method> <!-- test2CalcularFactorial -->
        <test-method is-config="true" signature="setUpMethod()[pri:0, instance:Pruebas.calcularFactorialNGTest@76f2b07d]" started-at="2022-01-31T13:35:20Z" name="setUpMethod" finished-at="2022-01-31T13:35:20Z" duration-ms="0" status="PASS">
          <reporter-output>
          </reporter-output>
        </test-method> <!-- setUpMethod -->
        <test-method is-config="true" signature="tearDownMethod()[pri:0, instance:Pruebas.calcularFactorialNGTest@76f2b07d]" started-at="2022-01-31T13:35:20Z" name="tearDownMethod" finished-at="2022-01-31T13:35:20Z" duration-ms="0" status="PASS">
          <reporter-output>
          </reporter-output>
        </test-method> <!-- tearDownMethod -->
        <test-method is-config="true" signature="setUpMethod()[pri:0, instance:Pruebas.calcularFactorialNGTest@76f2b07d]" started-at="2022-01-31T13:35:20Z" name="setUpMethod" finished-at="2022-01-31T13:35:20Z" duration-ms="0" status="PASS">
          <reporter-output>
          </reporter-output>
        </test-method> <!-- setUpMethod -->
        <test-method is-config="true" signature="tearDownMethod()[pri:0, instance:Pruebas.calcularFactorialNGTest@76f2b07d]" started-at="2022-01-31T13:35:20Z" name="tearDownMethod" finished-at="2022-01-31T13:35:20Z" duration-ms="0" status="PASS">
          <reporter-output>
          </reporter-output>
        </test-method> <!-- tearDownMethod -->
        <test-method signature="test3CalcularFactorial()[pri:0, instance:Pruebas.calcularFactorialNGTest@76f2b07d]" started-at="2022-01-31T13:35:20Z" name="test3CalcularFactorial" finished-at="2022-01-31T13:35:20Z" duration-ms="0" status="PASS">
          <reporter-output>
          </reporter-output>
        </test-method> <!-- test3CalcularFactorial -->
        <test-method is-config="true" signature="setUpMethod()[pri:0, instance:Pruebas.calcularFactorialNGTest@76f2b07d]" started-at="2022-01-31T13:35:20Z" name="setUpMethod" finished-at="2022-01-31T13:35:20Z" duration-ms="0" status="PASS">
          <reporter-output>
          </reporter-output>
        </test-method> <!-- setUpMethod -->
        <test-method signature="test4CalcularFactorial()[pri:0, instance:Pruebas.calcularFactorialNGTest@76f2b07d]" started-at="2022-01-31T13:35:20Z" name="test4CalcularFactorial" finished-at="2022-01-31T13:35:20Z" duration-ms="0" status="PASS">
          <reporter-output>
          </reporter-output>
        </test-method> <!-- test4CalcularFactorial -->
        <test-method is-config="true" signature="tearDownMethod()[pri:0, instance:Pruebas.calcularFactorialNGTest@76f2b07d]" started-at="2022-01-31T13:35:20Z" name="tearDownMethod" finished-at="2022-01-31T13:35:20Z" duration-ms="1" status="PASS">
          <reporter-output>
          </reporter-output>
        </test-method> <!-- tearDownMethod -->
        <test-method is-config="true" signature="tearDownClass()[pri:0, instance:Pruebas.calcularFactorialNGTest@76f2b07d]" started-at="2022-01-31T13:35:20Z" name="tearDownClass" finished-at="2022-01-31T13:35:20Z" duration-ms="0" status="PASS">
          <reporter-output>
          </reporter-output>
        </test-method> <!-- tearDownClass -->
      </class> <!-- Pruebas.calcularFactorialNGTest -->
      <class name="Pruebas.calcularIMCNGTest">
        <test-method is-config="true" signature="setUpClass()[pri:0, instance:Pruebas.calcularIMCNGTest@5f282abb]" started-at="2022-01-31T13:35:20Z" name="setUpClass" finished-at="2022-01-31T13:35:20Z" duration-ms="76" status="PASS">
          <reporter-output>
          </reporter-output>
        </test-method> <!-- setUpClass -->
        <test-method signature="test1CalcularIMC()[pri:0, instance:Pruebas.calcularIMCNGTest@5f282abb]" started-at="2022-01-31T13:35:20Z" name="test1CalcularIMC" finished-at="2022-01-31T13:35:20Z" duration-ms="2" status="PASS">
          <reporter-output>
          </reporter-output>
        </test-method> <!-- test1CalcularIMC -->
        <test-method is-config="true" signature="setUpMethod()[pri:0, instance:Pruebas.calcularIMCNGTest@5f282abb]" started-at="2022-01-31T13:35:20Z" name="setUpMethod" finished-at="2022-01-31T13:35:20Z" duration-ms="0" status="PASS">
          <reporter-output>
          </reporter-output>
        </test-method> <!-- setUpMethod -->
        <test-method is-config="true" signature="tearDownMethod()[pri:0, instance:Pruebas.calcularIMCNGTest@5f282abb]" started-at="2022-01-31T13:35:20Z" name="tearDownMethod" finished-at="2022-01-31T13:35:20Z" duration-ms="0" status="PASS">
          <reporter-output>
          </reporter-output>
        </test-method> <!-- tearDownMethod -->
        <test-method signature="test2CalcularIMC()[pri:0, instance:Pruebas.calcularIMCNGTest@5f282abb]" started-at="2022-01-31T13:35:20Z" name="test2CalcularIMC" finished-at="2022-01-31T13:35:20Z" duration-ms="0" status="PASS">
          <reporter-output>
          </reporter-output>
        </test-method> <!-- test2CalcularIMC -->
        <test-method is-config="true" signature="setUpMethod()[pri:0, instance:Pruebas.calcularIMCNGTest@5f282abb]" started-at="2022-01-31T13:35:20Z" name="setUpMethod" finished-at="2022-01-31T13:35:20Z" duration-ms="0" status="PASS">
          <reporter-output>
          </reporter-output>
        </test-method> <!-- setUpMethod -->
        <test-method is-config="true" signature="tearDownMethod()[pri:0, instance:Pruebas.calcularIMCNGTest@5f282abb]" started-at="2022-01-31T13:35:20Z" name="tearDownMethod" finished-at="2022-01-31T13:35:20Z" duration-ms="0" status="PASS">
          <reporter-output>
          </reporter-output>
        </test-method> <!-- tearDownMethod -->
        <test-method is-config="true" signature="setUpMethod()[pri:0, instance:Pruebas.calcularIMCNGTest@5f282abb]" started-at="2022-01-31T13:35:20Z" name="setUpMethod" finished-at="2022-01-31T13:35:20Z" duration-ms="0" status="PASS">
          <reporter-output>
          </reporter-output>
        </test-method> <!-- setUpMethod -->
        <test-method signature="test3CalcularIMC()[pri:0, instance:Pruebas.calcularIMCNGTest@5f282abb]" started-at="2022-01-31T13:35:20Z" name="test3CalcularIMC" finished-at="2022-01-31T13:35:20Z" duration-ms="1" status="PASS">
          <reporter-output>
          </reporter-output>
        </test-method> <!-- test3CalcularIMC -->
        <test-method is-config="true" signature="tearDownMethod()[pri:0, instance:Pruebas.calcularIMCNGTest@5f282abb]" started-at="2022-01-31T13:35:20Z" name="tearDownMethod" finished-at="2022-01-31T13:35:20Z" duration-ms="0" status="PASS">
          <reporter-output>
          </reporter-output>
        </test-method> <!-- tearDownMethod -->
        <test-method is-config="true" signature="setUpMethod()[pri:0, instance:Pruebas.calcularIMCNGTest@5f282abb]" started-at="2022-01-31T13:35:20Z" name="setUpMethod" finished-at="2022-01-31T13:35:20Z" duration-ms="0" status="PASS">
          <reporter-output>
          </reporter-output>
        </test-method> <!-- setUpMethod -->
        <test-method signature="test4CalcularIMC()[pri:0, instance:Pruebas.calcularIMCNGTest@5f282abb]" started-at="2022-01-31T13:35:20Z" name="test4CalcularIMC" finished-at="2022-01-31T13:35:20Z" duration-ms="1" status="PASS">
          <reporter-output>
          </reporter-output>
        </test-method> <!-- test4CalcularIMC -->
        <test-method is-config="true" signature="tearDownMethod()[pri:0, instance:Pruebas.calcularIMCNGTest@5f282abb]" started-at="2022-01-31T13:35:20Z" name="tearDownMethod" finished-at="2022-01-31T13:35:20Z" duration-ms="0" status="PASS">
          <reporter-output>
          </reporter-output>
        </test-method> <!-- tearDownMethod -->
        <test-method signature="test5CalcularIMC()[pri:0, instance:Pruebas.calcularIMCNGTest@5f282abb]" started-at="2022-01-31T13:35:20Z" name="test5CalcularIMC" finished-at="2022-01-31T13:35:20Z" duration-ms="0" status="PASS">
          <reporter-output>
          </reporter-output>
        </test-method> <!-- test5CalcularIMC -->
        <test-method is-config="true" signature="setUpMethod()[pri:0, instance:Pruebas.calcularIMCNGTest@5f282abb]" started-at="2022-01-31T13:35:20Z" name="setUpMethod" finished-at="2022-01-31T13:35:20Z" duration-ms="0" status="PASS">
          <reporter-output>
          </reporter-output>
        </test-method> <!-- setUpMethod -->
        <test-method is-config="true" signature="tearDownMethod()[pri:0, instance:Pruebas.calcularIMCNGTest@5f282abb]" started-at="2022-01-31T13:35:20Z" name="tearDownMethod" finished-at="2022-01-31T13:35:20Z" duration-ms="1" status="PASS">
          <reporter-output>
          </reporter-output>
        </test-method> <!-- tearDownMethod -->
        <test-method is-config="true" signature="tearDownClass()[pri:0, instance:Pruebas.calcularIMCNGTest@5f282abb]" started-at="2022-01-31T13:35:20Z" name="tearDownClass" finished-at="2022-01-31T13:35:20Z" duration-ms="0" status="PASS">
          <reporter-output>
          </reporter-output>
        </test-method> <!-- tearDownClass -->
      </class> <!-- Pruebas.calcularIMCNGTest -->
    </test> <!-- debugged.testsuit suite -->
  </suite> <!-- ASolanas-PruebasUnitariasProyecto -->
</testng-results>
