<?xml version="1.0" encoding="UTF-8"?>
<testng-results total="8" passed="7" failed="1" skipped="0">
  <reporter-output>
  </reporter-output>
  <suite started-at="2022-01-19T16:00:56Z" name="Pruebas" finished-at="2022-01-19T16:00:56Z" duration-ms="58">
    <groups>
    </groups>
    <test started-at="2022-01-19T16:00:56Z" name="debuged.testsuit suite" finished-at="2022-01-19T16:00:56Z" duration-ms="58">
      <class name="debuged.valoresLimite.NumeroParTest">
        <test-method is-config="true" signature="setUpClass()[pri:0, instance:debuged.valoresLimite.NumeroParTest@5f282abb]" started-at="2022-01-19T17:00:56Z" name="setUpClass" finished-at="2022-01-19T17:00:56Z" duration-ms="0" status="PASS">
          <reporter-output>
          </reporter-output>
        </test-method> <!-- setUpClass -->
        <test-method is-config="true" signature="tearDownClass()[pri:0, instance:debuged.valoresLimite.NumeroParTest@5f282abb]" started-at="2022-01-19T17:00:56Z" name="tearDownClass" finished-at="2022-01-19T17:00:56Z" duration-ms="0" status="PASS">
          <reporter-output>
          </reporter-output>
        </test-method> <!-- tearDownClass -->
        <test-method signature="testEsPar(java.lang.Integer)[pri:0, instance:debuged.valoresLimite.NumeroParTest@5f282abb]" started-at="2022-01-19T17:00:56Z" name="testEsPar" data-provider="testNP" finished-at="2022-01-19T17:00:56Z" duration-ms="0" status="FAIL">
          <exception class="org.testng.TestNGException">
            <message>
              <![CDATA[
Data Provider public static java.lang.Object[] debuged.valoresLimite.NumeroParTest.data() must return either Object[][] or Iterator<Object>[], not class [Ljava.lang.Object;]]>
            </message>
            <full-stacktrace>
              <![CDATA[org.testng.TestNGException: 
Data Provider public static java.lang.Object[] debuged.valoresLimite.NumeroParTest.data() must return either Object[][] or Iterator<Object>[], not class [Ljava.lang.Object;
	at org.testng.internal.MethodInvocationHelper.invokeDataProvider(MethodInvocationHelper.java:155)
	at org.testng.internal.Parameters.handleParameters(Parameters.java:429)
	at org.testng.internal.Invoker.handleParameters(Invoker.java:1383)
	at org.testng.internal.Invoker.createParameters(Invoker.java:1075)
	at org.testng.internal.Invoker.invokeTestMethods(Invoker.java:1180)
	at org.testng.internal.TestMethodWorker.invokeTestMethods(TestMethodWorker.java:127)
	at org.testng.internal.TestMethodWorker.run(TestMethodWorker.java:111)
	at org.testng.TestRunner.privateRun(TestRunner.java:767)
	at org.testng.TestRunner.run(TestRunner.java:617)
	at org.testng.SuiteRunner.runTest(SuiteRunner.java:334)
	at org.testng.SuiteRunner.runSequentially(SuiteRunner.java:329)
	at org.testng.SuiteRunner.privateRun(SuiteRunner.java:291)
	at org.testng.SuiteRunner.run(SuiteRunner.java:240)
	at org.testng.SuiteRunnerWorker.runSuite(SuiteRunnerWorker.java:52)
	at org.testng.SuiteRunnerWorker.run(SuiteRunnerWorker.java:86)
	at org.testng.TestNG.runSuitesSequentially(TestNG.java:1224)
	at org.testng.TestNG.runSuitesLocally(TestNG.java:1149)
	at org.testng.TestNG.run(TestNG.java:1057)
	at org.testng.TestNG.privateMain(TestNG.java:1364)
	at org.testng.TestNG.main(TestNG.java:1333)
]]>
            </full-stacktrace>
          </exception> <!-- org.testng.TestNGException -->
          <reporter-output>
          </reporter-output>
        </test-method> <!-- testEsPar -->
      </class> <!-- debuged.valoresLimite.NumeroParTest -->
      <class name="debuged.valoresLimite.NumeroPrimoNGTest">
        <test-method is-config="true" signature="setUpClass()[pri:0, instance:debuged.valoresLimite.NumeroPrimoNGTest@76f2b07d]" started-at="2022-01-19T17:00:56Z" name="setUpClass" finished-at="2022-01-19T17:00:56Z" duration-ms="10" status="PASS">
          <reporter-output>
          </reporter-output>
        </test-method> <!-- setUpClass -->
        <test-method signature="testEsPrimo(int, boolean)[pri:0, instance:debuged.valoresLimite.NumeroPrimoNGTest@76f2b07d]" started-at="2022-01-19T17:00:56Z" name="testEsPrimo" data-provider="testNPNGT" finished-at="2022-01-19T17:00:56Z" duration-ms="3" status="PASS">
          <params>
            <param index="0">
              <value>
                <![CDATA[0]]>
              </value>
            </param>
            <param index="1">
              <value>
                <![CDATA[true]]>
              </value>
            </param>
          </params>
          <reporter-output>
          </reporter-output>
        </test-method> <!-- testEsPrimo -->
        <test-method is-config="true" signature="setUpMethod()[pri:0, instance:debuged.valoresLimite.NumeroPrimoNGTest@76f2b07d]" started-at="2022-01-19T17:00:56Z" name="setUpMethod" finished-at="2022-01-19T17:00:56Z" duration-ms="0" status="PASS">
          <reporter-output>
          </reporter-output>
        </test-method> <!-- setUpMethod -->
        <test-method is-config="true" signature="setUpMethod()[pri:0, instance:debuged.valoresLimite.NumeroPrimoNGTest@76f2b07d]" started-at="2022-01-19T17:00:56Z" name="setUpMethod" finished-at="2022-01-19T17:00:56Z" duration-ms="0" status="PASS">
          <reporter-output>
          </reporter-output>
        </test-method> <!-- setUpMethod -->
        <test-method is-config="true" signature="tearDownMethod()[pri:0, instance:debuged.valoresLimite.NumeroPrimoNGTest@76f2b07d]" started-at="2022-01-19T17:00:56Z" name="tearDownMethod" finished-at="2022-01-19T17:00:56Z" duration-ms="0" status="PASS">
          <reporter-output>
          </reporter-output>
        </test-method> <!-- tearDownMethod -->
        <test-method signature="testEsPrimo(int, boolean)[pri:0, instance:debuged.valoresLimite.NumeroPrimoNGTest@76f2b07d]" started-at="2022-01-19T17:00:56Z" name="testEsPrimo" data-provider="testNPNGT" finished-at="2022-01-19T17:00:56Z" duration-ms="1" status="PASS">
          <params>
            <param index="0">
              <value>
                <![CDATA[1]]>
              </value>
            </param>
            <param index="1">
              <value>
                <![CDATA[true]]>
              </value>
            </param>
          </params>
          <reporter-output>
          </reporter-output>
        </test-method> <!-- testEsPrimo -->
        <test-method is-config="true" signature="setUpMethod()[pri:0, instance:debuged.valoresLimite.NumeroPrimoNGTest@76f2b07d]" started-at="2022-01-19T17:00:56Z" name="setUpMethod" finished-at="2022-01-19T17:00:56Z" duration-ms="0" status="PASS">
          <reporter-output>
          </reporter-output>
        </test-method> <!-- setUpMethod -->
        <test-method signature="testEsPrimo(int, boolean)[pri:0, instance:debuged.valoresLimite.NumeroPrimoNGTest@76f2b07d]" started-at="2022-01-19T17:00:56Z" name="testEsPrimo" data-provider="testNPNGT" finished-at="2022-01-19T17:00:56Z" duration-ms="0" status="PASS">
          <params>
            <param index="0">
              <value>
                <![CDATA[2]]>
              </value>
            </param>
            <param index="1">
              <value>
                <![CDATA[true]]>
              </value>
            </param>
          </params>
          <reporter-output>
          </reporter-output>
        </test-method> <!-- testEsPrimo -->
        <test-method is-config="true" signature="tearDownMethod()[pri:0, instance:debuged.valoresLimite.NumeroPrimoNGTest@76f2b07d]" started-at="2022-01-19T17:00:56Z" name="tearDownMethod" finished-at="2022-01-19T17:00:56Z" duration-ms="0" status="PASS">
          <reporter-output>
          </reporter-output>
        </test-method> <!-- tearDownMethod -->
        <test-method is-config="true" signature="tearDownMethod()[pri:0, instance:debuged.valoresLimite.NumeroPrimoNGTest@76f2b07d]" started-at="2022-01-19T17:00:56Z" name="tearDownMethod" finished-at="2022-01-19T17:00:56Z" duration-ms="0" status="PASS">
          <reporter-output>
          </reporter-output>
        </test-method> <!-- tearDownMethod -->
        <test-method is-config="true" signature="tearDownMethod()[pri:0, instance:debuged.valoresLimite.NumeroPrimoNGTest@76f2b07d]" started-at="2022-01-19T17:00:56Z" name="tearDownMethod" finished-at="2022-01-19T17:00:56Z" duration-ms="0" status="PASS">
          <reporter-output>
          </reporter-output>
        </test-method> <!-- tearDownMethod -->
        <test-method signature="testEsPrimo(int, boolean)[pri:0, instance:debuged.valoresLimite.NumeroPrimoNGTest@76f2b07d]" started-at="2022-01-19T17:00:56Z" name="testEsPrimo" data-provider="testNPNGT" finished-at="2022-01-19T17:00:56Z" duration-ms="0" status="PASS">
          <params>
            <param index="0">
              <value>
                <![CDATA[3]]>
              </value>
            </param>
            <param index="1">
              <value>
                <![CDATA[true]]>
              </value>
            </param>
          </params>
          <reporter-output>
          </reporter-output>
        </test-method> <!-- testEsPrimo -->
        <test-method is-config="true" signature="setUpMethod()[pri:0, instance:debuged.valoresLimite.NumeroPrimoNGTest@76f2b07d]" started-at="2022-01-19T17:00:56Z" name="setUpMethod" finished-at="2022-01-19T17:00:56Z" duration-ms="0" status="PASS">
          <reporter-output>
          </reporter-output>
        </test-method> <!-- setUpMethod -->
        <test-method signature="testEsPrimo(int, boolean)[pri:0, instance:debuged.valoresLimite.NumeroPrimoNGTest@76f2b07d]" started-at="2022-01-19T17:00:56Z" name="testEsPrimo" data-provider="testNPNGT" finished-at="2022-01-19T17:00:56Z" duration-ms="1" status="PASS">
          <params>
            <param index="0">
              <value>
                <![CDATA[-5]]>
              </value>
            </param>
            <param index="1">
              <value>
                <![CDATA[true]]>
              </value>
            </param>
          </params>
          <reporter-output>
          </reporter-output>
        </test-method> <!-- testEsPrimo -->
        <test-method is-config="true" signature="setUpMethod()[pri:0, instance:debuged.valoresLimite.NumeroPrimoNGTest@76f2b07d]" started-at="2022-01-19T17:00:56Z" name="setUpMethod" finished-at="2022-01-19T17:00:56Z" duration-ms="0" status="PASS">
          <reporter-output>
          </reporter-output>
        </test-method> <!-- setUpMethod -->
        <test-method is-config="true" signature="tearDownMethod()[pri:0, instance:debuged.valoresLimite.NumeroPrimoNGTest@76f2b07d]" started-at="2022-01-19T17:00:56Z" name="tearDownMethod" finished-at="2022-01-19T17:00:56Z" duration-ms="0" status="PASS">
          <reporter-output>
          </reporter-output>
        </test-method> <!-- tearDownMethod -->
        <test-method is-config="true" signature="setUpMethod()[pri:0, instance:debuged.valoresLimite.NumeroPrimoNGTest@76f2b07d]" started-at="2022-01-19T17:00:56Z" name="setUpMethod" finished-at="2022-01-19T17:00:56Z" duration-ms="0" status="PASS">
          <reporter-output>
          </reporter-output>
        </test-method> <!-- setUpMethod -->
        <test-method signature="testEsPrimo(int, boolean)[pri:0, instance:debuged.valoresLimite.NumeroPrimoNGTest@76f2b07d]" started-at="2022-01-19T17:00:56Z" name="testEsPrimo" data-provider="testNPNGT" finished-at="2022-01-19T17:00:56Z" duration-ms="0" status="PASS">
          <params>
            <param index="0">
              <value>
                <![CDATA[7]]>
              </value>
            </param>
            <param index="1">
              <value>
                <![CDATA[true]]>
              </value>
            </param>
          </params>
          <reporter-output>
          </reporter-output>
        </test-method> <!-- testEsPrimo -->
        <test-method is-config="true" signature="setUpMethod()[pri:0, instance:debuged.valoresLimite.NumeroPrimoNGTest@76f2b07d]" started-at="2022-01-19T17:00:56Z" name="setUpMethod" finished-at="2022-01-19T17:00:56Z" duration-ms="0" status="PASS">
          <reporter-output>
          </reporter-output>
        </test-method> <!-- setUpMethod -->
        <test-method is-config="true" signature="tearDownClass()[pri:0, instance:debuged.valoresLimite.NumeroPrimoNGTest@76f2b07d]" started-at="2022-01-19T17:00:56Z" name="tearDownClass" finished-at="2022-01-19T17:00:56Z" duration-ms="0" status="PASS">
          <reporter-output>
          </reporter-output>
        </test-method> <!-- tearDownClass -->
        <test-method signature="testEsPrimo(int, boolean)[pri:0, instance:debuged.valoresLimite.NumeroPrimoNGTest@76f2b07d]" started-at="2022-01-19T17:00:56Z" name="testEsPrimo" data-provider="testNPNGT" finished-at="2022-01-19T17:00:56Z" duration-ms="0" status="PASS">
          <params>
            <param index="0">
              <value>
                <![CDATA[9]]>
              </value>
            </param>
            <param index="1">
              <value>
                <![CDATA[false]]>
              </value>
            </param>
          </params>
          <reporter-output>
          </reporter-output>
        </test-method> <!-- testEsPrimo -->
        <test-method is-config="true" signature="tearDownMethod()[pri:0, instance:debuged.valoresLimite.NumeroPrimoNGTest@76f2b07d]" started-at="2022-01-19T17:00:56Z" name="tearDownMethod" finished-at="2022-01-19T17:00:56Z" duration-ms="0" status="PASS">
          <reporter-output>
          </reporter-output>
        </test-method> <!-- tearDownMethod -->
        <test-method is-config="true" signature="tearDownMethod()[pri:0, instance:debuged.valoresLimite.NumeroPrimoNGTest@76f2b07d]" started-at="2022-01-19T17:00:56Z" name="tearDownMethod" finished-at="2022-01-19T17:00:56Z" duration-ms="0" status="PASS">
          <reporter-output>
          </reporter-output>
        </test-method> <!-- tearDownMethod -->
      </class> <!-- debuged.valoresLimite.NumeroPrimoNGTest -->
    </test> <!-- debuged.testsuit suite -->
  </suite> <!-- Pruebas -->
</testng-results>
